Using pre-set license
Built from '2020.3/staging' branch; Version is '2020.3.22f1 (e1a7f79fd887) revision 14788599'; Using compiler version '192528614'; Build Type 'Release'
OS: 'Windows 10 Home; OS build 19042.1415; Version 2009; 64bit' Language: 'en' Physical Memory: 7967 MB
BatchMode: 1, IsHumanControllingUs: 0, StartBugReporterOnCrash: 0, Is64bit: 1, IsPro: 0

COMMAND LINE ARGUMENTS:
C:\Program Files\Unity\Hub\Editor\2020.3.22f1\Editor\Unity.exe
-adb2
-batchMode
-noUpm
-name
AssetImportWorker0
-projectPath
C:/Users/Davis Johnson/Learning Unity
-logFile
Logs/AssetImportWorker0.log
-srvPort
57380
Successfully changed project path to: C:/Users/Davis Johnson/Learning Unity
C:/Users/Davis Johnson/Learning Unity
Using Asset Import Pipeline V2.
Refreshing native plugins compatible for Editor in 50.73 ms, found 3 plugins.
Preloading 0 native plugins for Editor in 0.00 ms.
Initialize engine version: 2020.3.22f1 (e1a7f79fd887)
[Subsystems] Discovering subsystems at path C:/Program Files/Unity/Hub/Editor/2020.3.22f1/Editor/Data/Resources/UnitySubsystems
[Subsystems] Discovering subsystems at path C:/Users/Davis Johnson/Learning Unity/Assets
GfxDevice: creating device client; threaded=0
Direct3D:
    Version:  Direct3D 11.0 [level 11.1]
    Renderer: Intel(R) Iris(R) Plus Graphics (ID=0x8a52)
    Vendor:   
    VRAM:     3983 MB
    Driver:   27.20.100.8729
Initialize mono
Mono path[0] = 'C:/Program Files/Unity/Hub/Editor/2020.3.22f1/Editor/Data/Managed'
Mono path[1] = 'C:/Program Files/Unity/Hub/Editor/2020.3.22f1/Editor/Data/MonoBleedingEdge/lib/mono/unityjit'
Mono config path = 'C:/Program Files/Unity/Hub/Editor/2020.3.22f1/Editor/Data/MonoBleedingEdge/etc'
Using monoOptions --debugger-agent=transport=dt_socket,embedding=1,server=y,suspend=n,address=127.0.0.1:56892
Begin MonoManager ReloadAssembly
Registering precompiled unity dll's ...
Register platform support module: C:/Program Files/Unity/Hub/Editor/2020.3.22f1/Editor/Data/PlaybackEngines/WindowsStandaloneSupport/UnityEditor.WindowsStandalone.Extensions.dll
Registered in 0.003821 seconds.
Native extension for WindowsStandalone target not found
Refreshing native plugins compatible for Editor in 57.52 ms, found 3 plugins.
Preloading 0 native plugins for Editor in 0.00 ms.
Mono: successfully reloaded assembly
- Completed reload, in  2.666 seconds
Domain Reload Profiling:
	ReloadAssembly (2666ms)
		BeginReloadAssembly (115ms)
			ExecutionOrderSort (0ms)
			DisableScriptedObjects (0ms)
			BackupInstance (0ms)
			ReleaseScriptingObjects (0ms)
			CreateAndSetChildDomain (1ms)
		EndReloadAssembly (560ms)
			LoadAssemblies (110ms)
			RebuildTransferFunctionScriptingTraits (0ms)
			SetupTypeCache (175ms)
			ReleaseScriptCaches (0ms)
			RebuildScriptCaches (34ms)
			SetupLoadedEditorAssemblies (226ms)
				LogAssemblyErrors (0ms)
				InitializePlatformSupportModulesInManaged (4ms)
				SetLoadedEditorAssemblies (0ms)
				RefreshPlugins (58ms)
				BeforeProcessingInitializeOnLoad (8ms)
				ProcessInitializeOnLoadAttributes (114ms)
				ProcessInitializeOnLoadMethodAttributes (42ms)
				AfterProcessingInitializeOnLoad (0ms)
				EditorAssembliesLoaded (0ms)
			ExecutionOrderSort2 (0ms)
			AwakeInstancesAfterBackupRestoration (0ms)
Platform modules already initialized, skipping
Registering precompiled user dll's ...
Registered in 0.029345 seconds.
Begin MonoManager ReloadAssembly
Native extension for WindowsStandalone target not found
Refreshing native plugins compatible for Editor in 50.91 ms, found 3 plugins.
Preloading 0 native plugins for Editor in 0.00 ms.
Mono: successfully reloaded assembly
- Completed reload, in  1.527 seconds
Domain Reload Profiling:
	ReloadAssembly (1530ms)
		BeginReloadAssembly (235ms)
			ExecutionOrderSort (0ms)
			DisableScriptedObjects (4ms)
			BackupInstance (0ms)
			ReleaseScriptingObjects (0ms)
			CreateAndSetChildDomain (19ms)
		EndReloadAssembly (1213ms)
			LoadAssemblies (227ms)
			RebuildTransferFunctionScriptingTraits (0ms)
			SetupTypeCache (360ms)
			ReleaseScriptCaches (1ms)
			RebuildScriptCaches (64ms)
			SetupLoadedEditorAssemblies (488ms)
				LogAssemblyErrors (0ms)
				InitializePlatformSupportModulesInManaged (4ms)
				SetLoadedEditorAssemblies (0ms)
				RefreshPlugins (51ms)
				BeforeProcessingInitializeOnLoad (90ms)
				ProcessInitializeOnLoadAttributes (322ms)
				ProcessInitializeOnLoadMethodAttributes (14ms)
				AfterProcessingInitializeOnLoad (7ms)
				EditorAssembliesLoaded (0ms)
			ExecutionOrderSort2 (0ms)
			AwakeInstancesAfterBackupRestoration (6ms)
Platform modules already initialized, skipping
========================================================================
Worker process is ready to serve import requests
Launched and connected shader compiler UnityShaderCompiler.exe after 0.12 seconds
Refreshing native plugins compatible for Editor in 0.52 ms, found 3 plugins.
Preloading 0 native plugins for Editor in 0.00 ms.
Unloading 2180 Unused Serialized files (Serialized files now loaded: 0)
System memory in use before: 95.8 MB.
System memory in use after: 95.9 MB.

Unloading 25 unused Assets to reduce memory usage. Loaded Objects now: 2610.
Total: 7.000000 ms (FindLiveObjects: 0.155800 ms CreateObjectMapping: 0.061800 ms MarkObjects: 6.269500 ms  DeleteObjects: 0.510800 ms)

AssetImportParameters requested are different than current active one (requested -> active):
  custom:framework-win-MediaFoundation: 216162199b28c13a410421893ffa2e32 -> 
  custom:video-decoder-ogg-theora: a1e56fd34408186e4bbccfd4996cb3dc -> 
  custom:container-muxer-webm: aa71ff27fc2769a1b78a27578f13a17b -> 
  custom:container-demuxer-webm: 4f35f7cbe854078d1ac9338744f61a02 -> 
  custom:container-demuxer-ogg: 62fdf1f143b41e24485cea50d1cbac27 -> 
  custom:video-encoder-webm-vp8: eb34c28f22e8b96e1ab97ce403110664 -> 
  custom:video-codec-MediaFoundation-h265: 746d11721c4dcdbdad8f713fa42b33f4 -> 
  custom:video-decoder-webm-vp8: 9c59270c3fd7afecdb556c50c9e8de78 -> 
  custom:audio-decoder-ogg-vorbis: bf7c407c2cedff20999df2af8eb42d56 -> 
  custom:audio-encoder-webm-vorbis: bf7c407c2cedff20999df2af8eb42d56 -> 
========================================================================
Received Import Request.
  path: Assets/Animations
  artifactKey: Guid(3da2c173771daa744ab8f73fa39410ea) Importer(815301076,1909f56bfc062723c751e8b465ee728b)
Start importing Assets/Animations using Guid(3da2c173771daa744ab8f73fa39410ea) Importer(815301076,1909f56bfc062723c751e8b465ee728b)  -> (artifact id: 'd266139bd8acf87036f6c64a92cbf46e') in 0.015097 seconds 
  Import took 0.019508 seconds .

========================================================================
Received Import Request.
  Time since last request: 6.129766 seconds.
  path: Assets/Animations/xbot@Breathing Idle.fbx
  artifactKey: Guid(fd8e4f8a957bb6648a54bcbb6e32aa1f) Importer(815301076,1909f56bfc062723c751e8b465ee728b)
Start importing Assets/Animations/xbot@Breathing Idle.fbx using Guid(fd8e4f8a957bb6648a54bcbb6e32aa1f) Importer(815301076,1909f56bfc062723c751e8b465ee728b)  -> (artifact id: 'b593be19f46a684ba59abad54a1b85ab') in 10.235145 seconds 
  Import took 10.240357 seconds .

========================================================================
Received Import Request.
  Time since last request: 0.000447 seconds.
  path: Assets/Animations/xbot@Standard Run.fbx
  artifactKey: Guid(9a57da61da833304eb77f74bf2cb35fd) Importer(815301076,1909f56bfc062723c751e8b465ee728b)
Start importing Assets/Animations/xbot@Standard Run.fbx using Guid(9a57da61da833304eb77f74bf2cb35fd) Importer(815301076,1909f56bfc062723c751e8b465ee728b)  -> (artifact id: '180ee642146fbf201f618225120a4b19') in 0.065486 seconds 
  Import took 0.070689 seconds .

========================================================================
Received Import Request.
  Time since last request: 0.000335 seconds.
  path: Assets/Animations/xbot@Standard Walk.fbx
  artifactKey: Guid(4543a78aff0962343984c899cc9a79e8) Importer(815301076,1909f56bfc062723c751e8b465ee728b)
Start importing Assets/Animations/xbot@Standard Walk.fbx using Guid(4543a78aff0962343984c899cc9a79e8) Importer(815301076,1909f56bfc062723c751e8b465ee728b)  -> (artifact id: 'e85cbecc162c5141e1e12b9f61869317') in 0.070060 seconds 
  Import took 0.073972 seconds .

========================================================================
Received Import Request.
  Time since last request: 95.223272 seconds.
  path: Assets/Animations/xbot@Standard Walk.fbx
  artifactKey: Guid(4543a78aff0962343984c899cc9a79e8) Importer(815301076,1909f56bfc062723c751e8b465ee728b)
Start importing Assets/Animations/xbot@Standard Walk.fbx using Guid(4543a78aff0962343984c899cc9a79e8) Importer(815301076,1909f56bfc062723c751e8b465ee728b)  -> (artifact id: 'ee03619fb7f2b87490a38eba869c0317') in 0.084848 seconds 
  Import took 0.090116 seconds .

========================================================================
Received Import Request.
  Time since last request: 0.000272 seconds.
  path: Assets/Animations/xbot@Standard Run.fbx
  artifactKey: Guid(9a57da61da833304eb77f74bf2cb35fd) Importer(815301076,1909f56bfc062723c751e8b465ee728b)
Start importing Assets/Animations/xbot@Standard Run.fbx using Guid(9a57da61da833304eb77f74bf2cb35fd) Importer(815301076,1909f56bfc062723c751e8b465ee728b)  -> (artifact id: '45f2bd2f51955e85d9a735a875e3e602') in 0.084350 seconds 
  Import took 0.089346 seconds .

========================================================================
Received Import Request.
  Time since last request: 0.000485 seconds.
  path: Assets/Animations/xbot@Breathing Idle.fbx
  artifactKey: Guid(fd8e4f8a957bb6648a54bcbb6e32aa1f) Importer(815301076,1909f56bfc062723c751e8b465ee728b)
Start importing Assets/Animations/xbot@Breathing Idle.fbx using Guid(fd8e4f8a957bb6648a54bcbb6e32aa1f) Importer(815301076,1909f56bfc062723c751e8b465ee728b)  -> (artifact id: '8fb40d161d54fbff3d13403f8d9b3481') in 0.076814 seconds 
  Import took 0.082402 seconds .

========================================================================
Received Import Request.
  Time since last request: 49.119847 seconds.
  path: Assets/Animations/xbot@Breathing Idle.fbx
  artifactKey: Guid(fd8e4f8a957bb6648a54bcbb6e32aa1f) Importer(815301076,1909f56bfc062723c751e8b465ee728b)
Start importing Assets/Animations/xbot@Breathing Idle.fbx using Guid(fd8e4f8a957bb6648a54bcbb6e32aa1f) Importer(815301076,1909f56bfc062723c751e8b465ee728b)  -> (artifact id: 'e4c7df30f3dc24de2c456c5ff275a0f1') in 0.095797 seconds 
  Import took 0.100384 seconds .

========================================================================
Received Import Request.
  Time since last request: 8.320350 seconds.
  path: Assets/Animations/xbot@Standard Run.fbx
  artifactKey: Guid(9a57da61da833304eb77f74bf2cb35fd) Importer(815301076,1909f56bfc062723c751e8b465ee728b)
Start importing Assets/Animations/xbot@Standard Run.fbx using Guid(9a57da61da833304eb77f74bf2cb35fd) Importer(815301076,1909f56bfc062723c751e8b465ee728b)  -> (artifact id: '9a2b53c2a53880a18d014e6916e7d8b6') in 0.096063 seconds 
  Import took 0.103943 seconds .

========================================================================
Received Import Request.
  Time since last request: 7.272843 seconds.
  path: Assets/Animations/xbot@Standard Walk.fbx
  artifactKey: Guid(4543a78aff0962343984c899cc9a79e8) Importer(815301076,1909f56bfc062723c751e8b465ee728b)
Start importing Assets/Animations/xbot@Standard Walk.fbx using Guid(4543a78aff0962343984c899cc9a79e8) Importer(815301076,1909f56bfc062723c751e8b465ee728b)  -> (artifact id: '021121dd3afa5906350446547f4f9c92') in 0.090113 seconds 
  Import took 0.094629 seconds .

========================================================================
Received Import Request.
  Time since last request: 42.630380 seconds.
  path: Assets/Animations/xbot@Breathing Idle.fbx
  artifactKey: Guid(fd8e4f8a957bb6648a54bcbb6e32aa1f) Importer(815301076,1909f56bfc062723c751e8b465ee728b)
Start importing Assets/Animations/xbot@Breathing Idle.fbx using Guid(fd8e4f8a957bb6648a54bcbb6e32aa1f) Importer(815301076,1909f56bfc062723c751e8b465ee728b)  -> (artifact id: 'a32f7148a1212ba43763626ddbd2726d') in 0.089043 seconds 
  Import took 0.094671 seconds .

========================================================================
Received Import Request.
  Time since last request: 7.628457 seconds.
  path: Assets/Animations/xbot@Standard Run.fbx
  artifactKey: Guid(9a57da61da833304eb77f74bf2cb35fd) Importer(815301076,1909f56bfc062723c751e8b465ee728b)
Start importing Assets/Animations/xbot@Standard Run.fbx using Guid(9a57da61da833304eb77f74bf2cb35fd) Importer(815301076,1909f56bfc062723c751e8b465ee728b)  -> (artifact id: 'd273f5b425960f4849e5c08064a2ee1b') in 0.095070 seconds 
  Import took 0.100211 seconds .

========================================================================
Received Import Request.
  Time since last request: 4.951521 seconds.
  path: Assets/Animations/xbot@Standard Walk.fbx
  artifactKey: Guid(4543a78aff0962343984c899cc9a79e8) Importer(815301076,1909f56bfc062723c751e8b465ee728b)
Start importing Assets/Animations/xbot@Standard Walk.fbx using Guid(4543a78aff0962343984c899cc9a79e8) Importer(815301076,1909f56bfc062723c751e8b465ee728b)  -> (artifact id: '5a7206940d9c0a24cc077ef8f3d8d85c') in 0.093634 seconds 
  Import took 0.099930 seconds .

========================================================================
Received Import Request.
  Time since last request: 46.527642 seconds.
  path: Assets/Jammo-Character/Models/Jammo_LowPoly.fbx
  artifactKey: Guid(82a2914d8f86c62488456950c8330e38) Importer(815301076,1909f56bfc062723c751e8b465ee728b)
Start importing Assets/Jammo-Character/Models/Jammo_LowPoly.fbx using Guid(82a2914d8f86c62488456950c8330e38) Importer(815301076,1909f56bfc062723c751e8b465ee728b)  -> (artifact id: 'ec3902215ffa83fed1942b7cb820f7c4') in 6.573383 seconds 
  Import took 6.579178 seconds .

========================================================================
Received Import Request.
  Time since last request: 54.231323 seconds.
  path: Assets/Animations/New Animator Controller.controller
  artifactKey: Guid(38cf7071672da284d8d5d18fba1499b7) Importer(815301076,1909f56bfc062723c751e8b465ee728b)
Start importing Assets/Animations/New Animator Controller.controller using Guid(38cf7071672da284d8d5d18fba1499b7) Importer(815301076,1909f56bfc062723c751e8b465ee728b)  -> (artifact id: '38fd7e465b4c86bab3a1e87e3cf8df3c') in 0.022166 seconds 
  Import took 0.028670 seconds .

========================================================================
Received Import Request.
  Time since last request: 10.543193 seconds.
  path: Assets/Animations/Character Animation Controller.controller
  artifactKey: Guid(38cf7071672da284d8d5d18fba1499b7) Importer(815301076,1909f56bfc062723c751e8b465ee728b)
Start importing Assets/Animations/Character Animation Controller.controller using Guid(38cf7071672da284d8d5d18fba1499b7) Importer(815301076,1909f56bfc062723c751e8b465ee728b)  -> (artifact id: 'e0532fa56c40627e826644d22173fd25') in 0.012309 seconds 
  Import took 0.019741 seconds .

========================================================================
Received Prepare
Registering precompiled user dll's ...
Registered in 0.025762 seconds.
Begin MonoManager ReloadAssembly
Native extension for WindowsStandalone target not found
Refreshing native plugins compatible for Editor in 0.52 ms, found 3 plugins.
Preloading 0 native plugins for Editor in 0.00 ms.
Mono: successfully reloaded assembly
- Completed reload, in  1.748 seconds
Domain Reload Profiling:
	ReloadAssembly (1755ms)
		BeginReloadAssembly (449ms)
			ExecutionOrderSort (0ms)
			DisableScriptedObjects (29ms)
			BackupInstance (0ms)
			ReleaseScriptingObjects (0ms)
			CreateAndSetChildDomain (212ms)
		EndReloadAssembly (1215ms)
			LoadAssemblies (242ms)
			RebuildTransferFunctionScriptingTraits (0ms)
			SetupTypeCache (406ms)
			ReleaseScriptCaches (2ms)
			RebuildScriptCaches (73ms)
			SetupLoadedEditorAssemblies (409ms)
				LogAssemblyErrors (0ms)
				InitializePlatformSupportModulesInManaged (12ms)
				SetLoadedEditorAssemblies (1ms)
				RefreshPlugins (1ms)
				BeforeProcessingInitializeOnLoad (71ms)
				ProcessInitializeOnLoadAttributes (309ms)
				ProcessInitializeOnLoadMethodAttributes (9ms)
				AfterProcessingInitializeOnLoad (7ms)
				EditorAssembliesLoaded (0ms)
			ExecutionOrderSort2 (0ms)
			AwakeInstancesAfterBackupRestoration (6ms)
Platform modules already initialized, skipping
Refreshing native plugins compatible for Editor in 0.49 ms, found 3 plugins.
Preloading 0 native plugins for Editor in 0.00 ms.
Unloading 2140 Unused Serialized files (Serialized files now loaded: 0)
System memory in use before: 109.7 MB.
System memory in use after: 109.8 MB.

Unloading 18 unused Assets to reduce memory usage. Loaded Objects now: 2656.
Total: 8.693900 ms (FindLiveObjects: 0.167700 ms CreateObjectMapping: 0.091500 ms MarkObjects: 8.409700 ms  DeleteObjects: 0.023700 ms)

AssetImportParameters requested are different than current active one (requested -> active):
  custom:framework-win-MediaFoundation: 216162199b28c13a410421893ffa2e32 -> 
  custom:video-decoder-ogg-theora: a1e56fd34408186e4bbccfd4996cb3dc -> 
  custom:container-muxer-webm: aa71ff27fc2769a1b78a27578f13a17b -> 
  custom:container-demuxer-webm: 4f35f7cbe854078d1ac9338744f61a02 -> 
  custom:container-demuxer-ogg: 62fdf1f143b41e24485cea50d1cbac27 -> 
  custom:video-encoder-webm-vp8: eb34c28f22e8b96e1ab97ce403110664 -> 
  custom:video-codec-MediaFoundation-h265: 746d11721c4dcdbdad8f713fa42b33f4 -> 
  custom:video-decoder-webm-vp8: 9c59270c3fd7afecdb556c50c9e8de78 -> 
  custom:audio-decoder-ogg-vorbis: bf7c407c2cedff20999df2af8eb42d56 -> 
  custom:audio-encoder-webm-vorbis: bf7c407c2cedff20999df2af8eb42d56 -> 
========================================================================
Received Import Request.
  Time since last request: 500.721847 seconds.
  path: Assets/Animations/Input Actions.inputactions
  artifactKey: Guid(d43a7e3c97ebd1e4eafa641f7ab4b86d) Importer(815301076,1909f56bfc062723c751e8b465ee728b)
Start importing Assets/Animations/Input Actions.inputactions using Guid(d43a7e3c97ebd1e4eafa641f7ab4b86d) Importer(815301076,1909f56bfc062723c751e8b465ee728b)  -> (artifact id: '18936bc933e74b3b7ca53b1ea3febfa7') in 0.054745 seconds 
  Import took 0.062087 seconds .

========================================================================
Received Import Request.
  Time since last request: 13.956546 seconds.
  path: Assets/Animations/Player Input.inputactions
  artifactKey: Guid(d43a7e3c97ebd1e4eafa641f7ab4b86d) Importer(815301076,1909f56bfc062723c751e8b465ee728b)
Start importing Assets/Animations/Player Input.inputactions using Guid(d43a7e3c97ebd1e4eafa641f7ab4b86d) Importer(815301076,1909f56bfc062723c751e8b465ee728b)  -> (artifact id: '8f11b9f0abb9cee49c76fbbdd24c38f6') in 0.011060 seconds 
  Import took 0.016105 seconds .

========================================================================
Received Import Request.
  Time since last request: 397.000800 seconds.
  path: Assets/Animations/Player Input.inputactions
  artifactKey: Guid(d43a7e3c97ebd1e4eafa641f7ab4b86d) Importer(815301076,1909f56bfc062723c751e8b465ee728b)
Start importing Assets/Animations/Player Input.inputactions using Guid(d43a7e3c97ebd1e4eafa641f7ab4b86d) Importer(815301076,1909f56bfc062723c751e8b465ee728b)  -> (artifact id: '34bde47594c5d7d762beb3326446f4ca') in 0.014521 seconds 
  Import took 0.020212 seconds .

========================================================================
Received Import Request.
  Time since last request: 21.556606 seconds.
  path: Assets/Animations/Player Input.inputactions
  artifactKey: Guid(d43a7e3c97ebd1e4eafa641f7ab4b86d) Importer(815301076,1909f56bfc062723c751e8b465ee728b)
Start importing Assets/Animations/Player Input.inputactions using Guid(d43a7e3c97ebd1e4eafa641f7ab4b86d) Importer(815301076,1909f56bfc062723c751e8b465ee728b)  -> (artifact id: '576b0a4b2f1ca5c1f454184382efab95') in 0.009752 seconds 
  Import took 0.015794 seconds .

========================================================================
Received Prepare
Registering precompiled user dll's ...
Registered in 0.031036 seconds.
Begin MonoManager ReloadAssembly
Native extension for WindowsStandalone target not found
Refreshing native plugins compatible for Editor in 0.36 ms, found 3 plugins.
Preloading 0 native plugins for Editor in 0.00 ms.
Mono: successfully reloaded assembly
- Completed reload, in  1.448 seconds
Domain Reload Profiling:
	ReloadAssembly (1448ms)
		BeginReloadAssembly (223ms)
			ExecutionOrderSort (0ms)
			DisableScriptedObjects (7ms)
			BackupInstance (0ms)
			ReleaseScriptingObjects (0ms)
			CreateAndSetChildDomain (53ms)
		EndReloadAssembly (1136ms)
			LoadAssemblies (195ms)
			RebuildTransferFunctionScriptingTraits (0ms)
			SetupTypeCache (383ms)
			ReleaseScriptCaches (1ms)
			RebuildScriptCaches (50ms)
			SetupLoadedEditorAssemblies (439ms)
				LogAssemblyErrors (0ms)
				InitializePlatformSupportModulesInManaged (4ms)
				SetLoadedEditorAssemblies (0ms)
				RefreshPlugins (0ms)
				BeforeProcessingInitializeOnLoad (78ms)
				ProcessInitializeOnLoadAttributes (330ms)
				ProcessInitializeOnLoadMethodAttributes (10ms)
				AfterProcessingInitializeOnLoad (16ms)
				EditorAssembliesLoaded (1ms)
			ExecutionOrderSort2 (0ms)
			AwakeInstancesAfterBackupRestoration (6ms)
Platform modules already initialized, skipping
Refreshing native plugins compatible for Editor in 0.81 ms, found 3 plugins.
Preloading 0 native plugins for Editor in 0.00 ms.
Unloading 2141 Unused Serialized files (Serialized files now loaded: 0)
System memory in use before: 109.7 MB.
System memory in use after: 109.9 MB.

Unloading 18 unused Assets to reduce memory usage. Loaded Objects now: 2659.
Total: 5.678900 ms (FindLiveObjects: 0.396500 ms CreateObjectMapping: 0.088800 ms MarkObjects: 5.108100 ms  DeleteObjects: 0.067800 ms)

AssetImportParameters requested are different than current active one (requested -> active):
  custom:framework-win-MediaFoundation: 216162199b28c13a410421893ffa2e32 -> 
  custom:video-decoder-ogg-theora: a1e56fd34408186e4bbccfd4996cb3dc -> 
  custom:container-muxer-webm: aa71ff27fc2769a1b78a27578f13a17b -> 
  custom:container-demuxer-webm: 4f35f7cbe854078d1ac9338744f61a02 -> 
  custom:container-demuxer-ogg: 62fdf1f143b41e24485cea50d1cbac27 -> 
  custom:video-encoder-webm-vp8: eb34c28f22e8b96e1ab97ce403110664 -> 
  custom:video-codec-MediaFoundation-h265: 746d11721c4dcdbdad8f713fa42b33f4 -> 
  custom:video-decoder-webm-vp8: 9c59270c3fd7afecdb556c50c9e8de78 -> 
  custom:audio-decoder-ogg-vorbis: bf7c407c2cedff20999df2af8eb42d56 -> 
  custom:audio-encoder-webm-vorbis: bf7c407c2cedff20999df2af8eb42d56 -> 
========================================================================
Received Import Request.
  Time since last request: 23.054393 seconds.
  path: Assets/Animations/Player Input.cs
  artifactKey: Guid(3807eedf42460c3499f9783dce2f2afb) Importer(815301076,1909f56bfc062723c751e8b465ee728b)
Start importing Assets/Animations/Player Input.cs using Guid(3807eedf42460c3499f9783dce2f2afb) Importer(815301076,1909f56bfc062723c751e8b465ee728b)  -> (artifact id: 'f847f37d6a8edf416f22f890bfa1b472') in 0.033369 seconds 
  Import took 0.039033 seconds .

========================================================================
Received Prepare
Registering precompiled user dll's ...
Registered in 0.024190 seconds.
Begin MonoManager ReloadAssembly
Native extension for WindowsStandalone target not found
Refreshing native plugins compatible for Editor in 0.65 ms, found 3 plugins.
Preloading 0 native plugins for Editor in 0.00 ms.
Mono: successfully reloaded assembly
- Completed reload, in  1.735 seconds
Domain Reload Profiling:
	ReloadAssembly (1736ms)
		BeginReloadAssembly (314ms)
			ExecutionOrderSort (0ms)
			DisableScriptedObjects (8ms)
			BackupInstance (0ms)
			ReleaseScriptingObjects (0ms)
			CreateAndSetChildDomain (68ms)
		EndReloadAssembly (1290ms)
			LoadAssemblies (315ms)
			RebuildTransferFunctionScriptingTraits (0ms)
			SetupTypeCache (544ms)
			ReleaseScriptCaches (1ms)
			RebuildScriptCaches (53ms)
			SetupLoadedEditorAssemblies (379ms)
				LogAssemblyErrors (0ms)
				InitializePlatformSupportModulesInManaged (8ms)
				SetLoadedEditorAssemblies (1ms)
				RefreshPlugins (1ms)
				BeforeProcessingInitializeOnLoad (62ms)
				ProcessInitializeOnLoadAttributes (293ms)
				ProcessInitializeOnLoadMethodAttributes (8ms)
				AfterProcessingInitializeOnLoad (7ms)
				EditorAssembliesLoaded (0ms)
			ExecutionOrderSort2 (0ms)
			AwakeInstancesAfterBackupRestoration (7ms)
Platform modules already initialized, skipping
Refreshing native plugins compatible for Editor in 0.50 ms, found 3 plugins.
Preloading 0 native plugins for Editor in 0.00 ms.
Unloading 2142 Unused Serialized files (Serialized files now loaded: 0)
System memory in use before: 109.8 MB.
System memory in use after: 109.9 MB.

Unloading 18 unused Assets to reduce memory usage. Loaded Objects now: 2662.
Total: 5.009400 ms (FindLiveObjects: 0.144600 ms CreateObjectMapping: 0.054900 ms MarkObjects: 4.776900 ms  DeleteObjects: 0.031900 ms)

AssetImportParameters requested are different than current active one (requested -> active):
  custom:framework-win-MediaFoundation: 216162199b28c13a410421893ffa2e32 -> 
  custom:video-decoder-ogg-theora: a1e56fd34408186e4bbccfd4996cb3dc -> 
  custom:container-muxer-webm: aa71ff27fc2769a1b78a27578f13a17b -> 
  custom:container-demuxer-webm: 4f35f7cbe854078d1ac9338744f61a02 -> 
  custom:container-demuxer-ogg: 62fdf1f143b41e24485cea50d1cbac27 -> 
  custom:video-encoder-webm-vp8: eb34c28f22e8b96e1ab97ce403110664 -> 
  custom:video-codec-MediaFoundation-h265: 746d11721c4dcdbdad8f713fa42b33f4 -> 
  custom:video-decoder-webm-vp8: 9c59270c3fd7afecdb556c50c9e8de78 -> 
  custom:audio-decoder-ogg-vorbis: bf7c407c2cedff20999df2af8eb42d56 -> 
  custom:audio-encoder-webm-vorbis: bf7c407c2cedff20999df2af8eb42d56 -> 
========================================================================
Received Import Request.
  Time since last request: 58.981167 seconds.
  path: Assets/MovementScript.cs
  artifactKey: Guid(026bc8ca623f6674bb65251e60b9b8e6) Importer(815301076,1909f56bfc062723c751e8b465ee728b)
Start importing Assets/MovementScript.cs using Guid(026bc8ca623f6674bb65251e60b9b8e6) Importer(815301076,1909f56bfc062723c751e8b465ee728b)  -> (artifact id: 'a06960da4689b1063f1f163423eed219') in 0.017359 seconds 
  Import took 0.024369 seconds .

========================================================================
Received Import Request.
  Time since last request: 7.909429 seconds.
  path: Assets/AnimationMovementController.cs
  artifactKey: Guid(026bc8ca623f6674bb65251e60b9b8e6) Importer(815301076,1909f56bfc062723c751e8b465ee728b)
Start importing Assets/AnimationMovementController.cs using Guid(026bc8ca623f6674bb65251e60b9b8e6) Importer(815301076,1909f56bfc062723c751e8b465ee728b)  -> (artifact id: '836170384431cbe874ec450a0c7cad6b') in 0.008191 seconds 
  Import took 0.013034 seconds .

========================================================================
Received Prepare
Registering precompiled user dll's ...
Registered in 0.025462 seconds.
Begin MonoManager ReloadAssembly
Native extension for WindowsStandalone target not found
Refreshing native plugins compatible for Editor in 0.89 ms, found 3 plugins.
Preloading 0 native plugins for Editor in 0.00 ms.
Mono: successfully reloaded assembly
- Completed reload, in  2.015 seconds
Domain Reload Profiling:
	ReloadAssembly (2016ms)
		BeginReloadAssembly (314ms)
			ExecutionOrderSort (0ms)
			DisableScriptedObjects (7ms)
			BackupInstance (0ms)
			ReleaseScriptingObjects (0ms)
			CreateAndSetChildDomain (67ms)
		EndReloadAssembly (1581ms)
			LoadAssemblies (314ms)
			RebuildTransferFunctionScriptingTraits (0ms)
			SetupTypeCache (519ms)
			ReleaseScriptCaches (1ms)
			RebuildScriptCaches (76ms)
			SetupLoadedEditorAssemblies (605ms)
				LogAssemblyErrors (0ms)
				InitializePlatformSupportModulesInManaged (9ms)
				SetLoadedEditorAssemblies (3ms)
				RefreshPlugins (1ms)
				BeforeProcessingInitializeOnLoad (99ms)
				ProcessInitializeOnLoadAttributes (460ms)
				ProcessInitializeOnLoadMethodAttributes (18ms)
				AfterProcessingInitializeOnLoad (14ms)
				EditorAssembliesLoaded (0ms)
			ExecutionOrderSort2 (0ms)
			AwakeInstancesAfterBackupRestoration (13ms)
Platform modules already initialized, skipping
Refreshing native plugins compatible for Editor in 0.76 ms, found 3 plugins.
Preloading 0 native plugins for Editor in 0.00 ms.
Unloading 2142 Unused Serialized files (Serialized files now loaded: 0)
System memory in use before: 109.8 MB.
System memory in use after: 109.9 MB.

Unloading 18 unused Assets to reduce memory usage. Loaded Objects now: 2664.
Total: 3.249500 ms (FindLiveObjects: 0.207300 ms CreateObjectMapping: 0.066000 ms MarkObjects: 2.932200 ms  DeleteObjects: 0.041600 ms)

AssetImportParameters requested are different than current active one (requested -> active):
  custom:framework-win-MediaFoundation: 216162199b28c13a410421893ffa2e32 -> 
  custom:video-decoder-ogg-theora: a1e56fd34408186e4bbccfd4996cb3dc -> 
  custom:container-muxer-webm: aa71ff27fc2769a1b78a27578f13a17b -> 
  custom:container-demuxer-webm: 4f35f7cbe854078d1ac9338744f61a02 -> 
  custom:container-demuxer-ogg: 62fdf1f143b41e24485cea50d1cbac27 -> 
  custom:video-encoder-webm-vp8: eb34c28f22e8b96e1ab97ce403110664 -> 
  custom:video-codec-MediaFoundation-h265: 746d11721c4dcdbdad8f713fa42b33f4 -> 
  custom:video-decoder-webm-vp8: 9c59270c3fd7afecdb556c50c9e8de78 -> 
  custom:audio-decoder-ogg-vorbis: bf7c407c2cedff20999df2af8eb42d56 -> 
  custom:audio-encoder-webm-vorbis: bf7c407c2cedff20999df2af8eb42d56 -> 
========================================================================
Received Prepare
Registering precompiled user dll's ...
Registered in 0.015060 seconds.
Begin MonoManager ReloadAssembly
Native extension for WindowsStandalone target not found
Refreshing native plugins compatible for Editor in 1.27 ms, found 3 plugins.
Preloading 0 native plugins for Editor in 0.00 ms.
Mono: successfully reloaded assembly
- Completed reload, in  2.214 seconds
Domain Reload Profiling:
	ReloadAssembly (2215ms)
		BeginReloadAssembly (354ms)
			ExecutionOrderSort (0ms)
			DisableScriptedObjects (11ms)
			BackupInstance (0ms)
			ReleaseScriptingObjects (0ms)
			CreateAndSetChildDomain (85ms)
		EndReloadAssembly (1733ms)
			LoadAssemblies (339ms)
			RebuildTransferFunctionScriptingTraits (0ms)
			SetupTypeCache (575ms)
			ReleaseScriptCaches (1ms)
			RebuildScriptCaches (82ms)
			SetupLoadedEditorAssemblies (659ms)
				LogAssemblyErrors (0ms)
				InitializePlatformSupportModulesInManaged (10ms)
				SetLoadedEditorAssemblies (1ms)
				RefreshPlugins (2ms)
				BeforeProcessingInitializeOnLoad (105ms)
				ProcessInitializeOnLoadAttributes (506ms)
				ProcessInitializeOnLoadMethodAttributes (20ms)
				AfterProcessingInitializeOnLoad (14ms)
				EditorAssembliesLoaded (2ms)
			ExecutionOrderSort2 (0ms)
			AwakeInstancesAfterBackupRestoration (14ms)
Platform modules already initialized, skipping
Refreshing native plugins compatible for Editor in 1.22 ms, found 3 plugins.
Preloading 0 native plugins for Editor in 0.00 ms.
Unloading 2142 Unused Serialized files (Serialized files now loaded: 0)
System memory in use before: 109.7 MB.
System memory in use after: 109.8 MB.

Unloading 18 unused Assets to reduce memory usage. Loaded Objects now: 2666.
Total: 5.585200 ms (FindLiveObjects: 0.203700 ms CreateObjectMapping: 0.086000 ms MarkObjects: 5.268600 ms  DeleteObjects: 0.025100 ms)

AssetImportParameters requested are different than current active one (requested -> active):
  custom:framework-win-MediaFoundation: 216162199b28c13a410421893ffa2e32 -> 
  custom:video-decoder-ogg-theora: a1e56fd34408186e4bbccfd4996cb3dc -> 
  custom:container-muxer-webm: aa71ff27fc2769a1b78a27578f13a17b -> 
  custom:container-demuxer-webm: 4f35f7cbe854078d1ac9338744f61a02 -> 
  custom:container-demuxer-ogg: 62fdf1f143b41e24485cea50d1cbac27 -> 
  custom:video-encoder-webm-vp8: eb34c28f22e8b96e1ab97ce403110664 -> 
  custom:video-codec-MediaFoundation-h265: 746d11721c4dcdbdad8f713fa42b33f4 -> 
  custom:video-decoder-webm-vp8: 9c59270c3fd7afecdb556c50c9e8de78 -> 
  custom:audio-decoder-ogg-vorbis: bf7c407c2cedff20999df2af8eb42d56 -> 
  custom:audio-encoder-webm-vorbis: bf7c407c2cedff20999df2af8eb42d56 -> 
========================================================================
Received Import Request.
  Time since last request: 145.417910 seconds.
  path: Assets/AnimationMovementController.cs
  artifactKey: Guid(026bc8ca623f6674bb65251e60b9b8e6) Importer(815301076,1909f56bfc062723c751e8b465ee728b)
Start importing Assets/AnimationMovementController.cs using Guid(026bc8ca623f6674bb65251e60b9b8e6) Importer(815301076,1909f56bfc062723c751e8b465ee728b)  -> (artifact id: '11b3271d0c11c4911d4e2b534079c68f') in 0.019146 seconds 
  Import took 0.026739 seconds .

========================================================================
Received Import Request.
  Time since last request: 69.729846 seconds.
  path: Assets/AnimationMovementController.cs
  artifactKey: Guid(026bc8ca623f6674bb65251e60b9b8e6) Importer(815301076,1909f56bfc062723c751e8b465ee728b)
Start importing Assets/AnimationMovementController.cs using Guid(026bc8ca623f6674bb65251e60b9b8e6) Importer(815301076,1909f56bfc062723c751e8b465ee728b)  -> (artifact id: 'f99ed106b2ddb6b134d7834d39188796') in 0.013733 seconds 
  Import took 0.021105 seconds .

AssetImportWorkerClient::OnTransportError - code=2 error=End of file
